Copyright 1986-2018 Xilinx, Inc. All Rights Reserved.
---------------------------------------------------------------------------------------------
| Tool Version : Vivado v.2018.2 (win64) Build 2258646 Thu Jun 14 20:03:12 MDT 2018
| Date         : Tue Dec 17 08:41:54 2019
| Host         : DESKTOP-T3C5JMR running 64-bit major release  (build 9200)
| Command      : report_control_sets -verbose -file design_1_wrapper_control_sets_placed.rpt
| Design       : design_1_wrapper
| Device       : xcvu9p
---------------------------------------------------------------------------------------------

Control Set Information

Table of Contents
-----------------
1. Summary
2. Histogram
3. Flip-Flop Distribution
4. Detailed Control Set Information

1. Summary
----------

+----------------------------------------------------------+-------+
|                          Status                          | Count |
+----------------------------------------------------------+-------+
| Number of unique control sets                            |    92 |
| Unused register locations in slices containing registers |    52 |
+----------------------------------------------------------+-------+


2. Histogram
------------

+--------+--------------+
| Fanout | Control Sets |
+--------+--------------+
|      2 |            9 |
|      4 |           13 |
|      6 |            6 |
|      8 |            7 |
|     10 |            2 |
|     12 |            6 |
|     14 |            1 |
|    16+ |           48 |
+--------+--------------+


3. Flip-Flop Distribution
-------------------------

+--------------+-----------------------+------------------------+-----------------+--------------+
| Clock Enable | Synchronous Set/Reset | Asynchronous Set/Reset | Total Registers | Total Slices |
+--------------+-----------------------+------------------------+-----------------+--------------+
| No           | No                    | No                     |             344 |           57 |
| No           | No                    | Yes                    |              58 |            5 |
| No           | Yes                   | No                     |             524 |           87 |
| Yes          | No                    | No                     |             446 |           46 |
| Yes          | No                    | Yes                    |              36 |            8 |
| Yes          | Yes                   | No                     |            1496 |          148 |
+--------------+-----------------------+------------------------+-----------------+--------------+


4. Detailed Control Set Information
-----------------------------------

+-------------------------------------------------------------+------------------------------------------------------------------------------------------------------------------------------------------------------------------------------------------------------------+-------------------------------------------------------------------------------------------------------------------------------------------------------+------------------+----------------+
|                         Clock Signal                        |                                                                                                Enable Signal                                                                                               |                                                                    Set/Reset Signal                                                                   | Slice Load Count | Bel Load Count |
+-------------------------------------------------------------+------------------------------------------------------------------------------------------------------------------------------------------------------------------------------------------------------------+-------------------------------------------------------------------------------------------------------------------------------------------------------+------------------+----------------+
|  design_1_i/clk_wiz_1/inst/clk_out1                         |                                                                                                                                                                                                            | design_1_i/microblaze_0/U0/MicroBlaze_Core_I/Performance.Core/Use_Debug_Logic.Master_Core.Debug_Perf/capture_1                                        |                0 |              2 |
|  design_1_i/mdm_1/U0/Ext_JTAG_UPDATE                        | design_1_i/microblaze_0/U0/MicroBlaze_Core_I/Performance.Core/Use_Debug_Logic.Master_Core.Debug_Perf/Control_Reg_En                                                                                        | design_1_i/microblaze_0/U0/MicroBlaze_Core_I/Performance.Core/Use_Debug_Logic.Master_Core.Debug_Perf/Serial_Dbg_Intf.continue_from_brk_reg_n_0        |                1 |              2 |
|  design_1_i/mdm_1/U0/Ext_JTAG_UPDATE                        | design_1_i/microblaze_0/U0/MicroBlaze_Core_I/Performance.Core/Use_Debug_Logic.Master_Core.Debug_Perf/Control_Reg_En                                                                                        | design_1_i/microblaze_0/U0/MicroBlaze_Core_I/Performance.Core/Use_Debug_Logic.Master_Core.Debug_Perf/start_single_step_reg_n_0                        |                1 |              2 |
| ~design_1_i/mdm_1/U0/No_Dbg_Reg_Access.BUFG_DRCK/Dbg_Clk_31 | design_1_i/mdm_1/U0/MDM_Core_I1/JTAG_CONTROL_I/Use_BSCAN.FDC_I/CE                                                                                                                                          | design_1_i/mdm_1/U0/MDM_Core_I1/JTAG_CONTROL_I/Use_BSCAN.FDC_I/Q_0                                                                                    |                1 |              2 |
|  design_1_i/mdm_1/U0/Ext_JTAG_UPDATE                        |                                                                                                                                                                                                            |                                                                                                                                                       |                0 |              2 |
|  design_1_i/mdm_1/U0/Ext_JTAG_UPDATE                        | design_1_i/microblaze_0/U0/MicroBlaze_Core_I/Performance.Core/Use_Debug_Logic.Master_Core.Debug_Perf/Control_Reg_En                                                                                        | design_1_i/microblaze_0/U0/MicroBlaze_Core_I/Performance.Core/Use_Debug_Logic.Master_Core.Debug_Perf/Serial_Dbg_Intf.normal_stop_cmd_i_reg_n_0        |                1 |              2 |
|  design_1_i/mdm_1/U0/Ext_JTAG_UPDATE                        | design_1_i/microblaze_0/U0/MicroBlaze_Core_I/Performance.Core/Use_Debug_Logic.Master_Core.Debug_Perf/Control_Reg_En                                                                                        | design_1_i/microblaze_0/U0/MicroBlaze_Core_I/Performance.Core/Use_Debug_Logic.Master_Core.Debug_Perf/Performance_Debug_Control.force_stop_cmd_1_reg_0 |                1 |              2 |
|  design_1_i/mdm_1/U0/No_Dbg_Reg_Access.BUFG_DRCK/Dbg_Clk_31 | design_1_i/mdm_1/U0/Use_E2.BSCAN_I/sel_n_reg                                                                                                                                                               | design_1_i/mdm_1/U0/MDM_Core_I1/JTAG_CONTROL_I/sel_with_scan_reset19_out                                                                              |                1 |              2 |
| ~design_1_i/mdm_1/U0/Ext_JTAG_UPDATE                        |                                                                                                                                                                                                            | design_1_i/mdm_1/U0/MDM_Core_I1/JTAG_CONTROL_I/sel_n                                                                                                  |                1 |              2 |
|  design_1_i/clk_wiz_1/inst/clk_out1                         |                                                                                                                                                                                                            | design_1_i/microblaze_0/U0/MicroBlaze_Core_I/Performance.Core/Decode_I/Use_MuxCy[11].OF_Piperun_Stage/MUXCY_I/ex_valid_jump_reg                       |                1 |              4 |
|  design_1_i/clk_wiz_1/inst/clk_out1                         |                                                                                                                                                                                                            | design_1_i/microblaze_0/U0/MicroBlaze_Core_I/Performance.Core/Decode_I/if_fetch_in_progress_i_1_n_0                                                   |                0 |              4 |
|  design_1_i/mdm_1/U0/Ext_JTAG_UPDATE                        | design_1_i/mdm_1/U0/MDM_Core_I1/JTAG_CONTROL_I/Use_BSCAN.FDC_I/Debug_Rst_i0                                                                                                                                |                                                                                                                                                       |                1 |              4 |
|  design_1_i/mdm_1/U0/No_Dbg_Reg_Access.BUFG_DRCK/Dbg_Clk_31 | design_1_i/mdm_1/U0/MDM_Core_I1/JTAG_CONTROL_I/Use_BSCAN.SYNC_FDRE/E[0]                                                                                                                                    |                                                                                                                                                       |                1 |              4 |
|  design_1_i/clk_wiz_1/inst/clk_out1                         | design_1_i/microblaze_0/U0/MicroBlaze_Core_I/Performance.Core/Decode_I/Use_MuxCy[6].OF_Piperun_Stage/MUXCY_I/lopt_10                                                                                       |                                                                                                                                                       |                0 |              4 |
|  design_1_i/clk_wiz_1/inst/clk_out1                         | design_1_i/microblaze_0/U0/MicroBlaze_Core_I/Performance.Core/mem_databus_ready_sel_carry_or/MUXCY_I/lopt_12                                                                                               | design_1_i/microblaze_0/U0/MicroBlaze_Core_I/Performance.Core/Decode_I/flush_pipe                                                                     |                1 |              4 |
|  design_1_i/clk_wiz_1/inst/clk_out1                         |                                                                                                                                                                                                            | design_1_i/microblaze_0_axi_periph/xbar/inst/gen_sasd.crossbar_sasd_0/addr_arbiter_inst/s_arvalid_reg                                                 |                0 |              4 |
|  design_1_i/clk_wiz_1/inst/clk_out1                         |                                                                                                                                                                                                            | design_1_i/microblaze_0_axi_periph/xbar/inst/gen_sasd.crossbar_sasd_0/addr_arbiter_inst/m_ready_d_reg[0][0]                                           |                1 |              4 |
|  design_1_i/clk_wiz_1/inst/clk_out1                         | design_1_i/mymulfp_0/inst/mymulfp_v1_0_S00_AXI_inst/axi_arready0                                                                                                                                           | design_1_i/rst_clk_wiz_1_100M/U0/peripheral_aresetn[0]                                                                                                |                0 |              4 |
|  design_1_i/clk_wiz_1/inst/clk_out1                         | design_1_i/axi_uartlite_0/U0/AXI_LITE_IPIF_I/I_SLAVE_ATTACHMENT/start2_i_1_n_0                                                                                                                             | design_1_i/axi_uartlite_0/U0/AXI_LITE_IPIF_I/I_SLAVE_ATTACHMENT/rst                                                                                   |                1 |              4 |
|  design_1_i/clk_wiz_1/inst/clk_out1                         | design_1_i/mymulfp_0/inst/mymulfp_v1_0_S00_AXI_inst/axi_awready0                                                                                                                                           | design_1_i/rst_clk_wiz_1_100M/U0/peripheral_aresetn[0]                                                                                                |                0 |              4 |
|  design_1_i/mdm_1/U0/Ext_JTAG_UPDATE                        | design_1_i/microblaze_0/U0/MicroBlaze_Core_I/Performance.Core/Use_Debug_Logic.Master_Core.Debug_Perf/Command_Reg_En                                                                                        | design_1_i/microblaze_0/U0/MicroBlaze_Core_I/Performance.Core/Use_Debug_Logic.Master_Core.Debug_Perf/command_reg_clear                                |                1 |              4 |
|  design_1_i/clk_wiz_1/inst/clk_out1                         | design_1_i/microblaze_0/U0/MicroBlaze_Core_I/Performance.Core/Decode_I/Use_MuxCy[11].OF_Piperun_Stage/MUXCY_I/single_step_count_reg[0][0]                                                                  | design_1_i/microblaze_0/U0/MicroBlaze_Core_I/sync_reset                                                                                               |                2 |              4 |
|  design_1_i/clk_wiz_1/inst/clk_out1                         |                                                                                                                                                                                                            | design_1_i/microblaze_0/U0/MicroBlaze_Core_I/Performance.Core/Decode_I/dbg_stop_i                                                                     |                1 |              6 |
|  design_1_i/clk_wiz_1/inst/clk_out1                         |                                                                                                                                                                                                            | design_1_i/microblaze_0_axi_periph/xbar/inst/gen_sasd.crossbar_sasd_0/addr_arbiter_inst/m_ready_d_reg[2][0]                                           |                0 |              6 |
|  design_1_i/clk_wiz_1/inst/clk_out1                         | design_1_i/microblaze_0/U0/MicroBlaze_Core_I/Performance.Core/Decode_I/wb_MSR_i_reg[30][0]                                                                                                                 | design_1_i/microblaze_0/U0/MicroBlaze_Core_I/sync_reset                                                                                               |                1 |              6 |
|  design_1_i/clk_wiz_1/inst/clk_out1                         | design_1_i/microblaze_0/U0/MicroBlaze_Core_I/Performance.Core/Decode_I/ex_sleep_i0                                                                                                                         | design_1_i/microblaze_0/U0/MicroBlaze_Core_I/Performance.Core/Decode_I/ex_hibernate_i_i_1_n_0                                                         |                1 |              6 |
|  design_1_i/clk_wiz_1/inst/clk_out1                         | design_1_i/mymulfp_0/inst/mymulfp_v1_0_S00_AXI_inst/mul_fp_u1/FSM_sequential_state_reg[2]_i_1_n_0                                                                                                          | design_1_i/rst_clk_wiz_1_100M/U0/peripheral_aresetn[0]                                                                                                |                1 |              6 |
|  design_1_i/clk_wiz_1/inst/clk_out1                         | design_1_i/axi_uartlite_0/U0/UARTLITE_CORE_I/UARTLITE_TX_I/mux_sel                                                                                                                                         | design_1_i/rst_clk_wiz_1_100M/U0/peripheral_aresetn[0]                                                                                                |                1 |              6 |
|  design_1_i/mdm_1/U0/Ext_JTAG_UPDATE                        | design_1_i/mdm_1/U0/MDM_Core_I1/MDM_SEL                                                                                                                                                                    | design_1_i/mdm_1/U0/Use_E2.BSCAN_I/sel                                                                                                                |                1 |              8 |
|  design_1_i/clk_wiz_1/inst/clk_out1                         | design_1_i/axi_uartlite_0/U0/UARTLITE_CORE_I/BAUD_RATE_I/en_16x_Baud                                                                                                                                       |                                                                                                                                                       |                2 |              8 |
|  design_1_i/clk_wiz_1/inst/clk_out1                         |                                                                                                                                                                                                            | design_1_i/rst_clk_wiz_1_100M/U0/bus_struct_reset[0]                                                                                                  |                1 |              8 |
|  design_1_i/clk_wiz_1/inst/clk_out1                         | design_1_i/axi_uartlite_0/U0/AXI_LITE_IPIF_I/I_SLAVE_ATTACHMENT/start2                                                                                                                                     | design_1_i/axi_uartlite_0/U0/AXI_LITE_IPIF_I/I_SLAVE_ATTACHMENT/I_DECODER/cs_ce_clr                                                                   |                1 |              8 |
|  design_1_i/mdm_1/U0/Ext_JTAG_UPDATE                        | design_1_i/microblaze_0/U0/MicroBlaze_Core_I/Performance.Core/Use_Debug_Logic.Master_Core.Debug_Perf/Control_Reg_En                                                                                        |                                                                                                                                                       |                3 |              8 |
|  design_1_i/mdm_1/U0/No_Dbg_Reg_Access.BUFG_DRCK/Dbg_Clk_31 | design_1_i/mdm_1/U0/MDM_Core_I1/p_3_out                                                                                                                                                                    | design_1_i/mdm_1/U0/Use_E2.BSCAN_I/sel                                                                                                                |                0 |              8 |
| ~design_1_i/mdm_1/U0/Ext_JTAG_UPDATE                        |                                                                                                                                                                                                            | design_1_i/mdm_1/U0/Use_E2.BSCAN_I/sel                                                                                                                |                1 |              8 |
|  design_1_i/clk_wiz_1/inst/clk_out1                         | design_1_i/microblaze_0/U0/MicroBlaze_Core_I/Performance.Core/Decode_I/Performance_Debug_Control.dbg_hit_reg[0]                                                                                            | design_1_i/microblaze_0/U0/MicroBlaze_Core_I/sync_reset                                                                                               |                1 |             10 |
|  design_1_i/clk_wiz_1/inst/clk_out1                         |                                                                                                                                                                                                            | design_1_i/rst_clk_wiz_1_100M/U0/EXT_LPF/lpf_int                                                                                                      |                1 |             10 |
|  design_1_i/clk_wiz_1/inst/clk_out1                         |                                                                                                                                                                                                            | design_1_i/axi_uartlite_0/U0/UARTLITE_CORE_I/UARTLITE_TX_I/SRL_FIFO_I/I_SRL_FIFO_RBU_F/CNTR_INCR_DECR_ADDN_F_I/SS[0]                                  |                2 |             12 |
|  design_1_i/clk_wiz_1/inst/clk_out1                         |                                                                                                                                                                                                            | design_1_i/axi_uartlite_0/U0/UARTLITE_CORE_I/UARTLITE_RX_I/SRL_FIFO_I/I_SRL_FIFO_RBU_F/CNTR_INCR_DECR_ADDN_F_I/SS[0]                                  |                2 |             12 |
|  design_1_i/mdm_1/U0/No_Dbg_Reg_Access.BUFG_DRCK/Dbg_Clk_31 | design_1_i/mdm_1/U0/MDM_Core_I1/JTAG_CONTROL_I/Use_BSCAN.FDC_I/Use_Serial_Unified_Completion.sample_1_reg[10][0]                                                                                           |                                                                                                                                                       |                0 |             12 |
|  design_1_i/clk_wiz_1/inst/clk_out1                         | design_1_i/rst_clk_wiz_1_100M/U0/SEQ/seq_cnt_en                                                                                                                                                            | design_1_i/rst_clk_wiz_1_100M/U0/SEQ/seq_clr                                                                                                          |                1 |             12 |
|  design_1_i/mdm_1/U0/No_Dbg_Reg_Access.BUFG_DRCK/Dbg_Clk_31 | design_1_i/mdm_1/U0/Use_E2.BSCAN_I/Use_Serial_Unified_Completion.count_reg[5][0]                                                                                                                           |                                                                                                                                                       |                2 |             12 |
|  design_1_i/mdm_1/U0/No_Dbg_Reg_Access.BUFG_DRCK/Dbg_Clk_31 | design_1_i/mdm_1/U0/Use_E2.BSCAN_I/E[0]                                                                                                                                                                    |                                                                                                                                                       |                1 |             12 |
|  design_1_i/clk_wiz_1/inst/clk_out1                         | design_1_i/axi_uartlite_0/U0/UARTLITE_CORE_I/BAUD_RATE_I/en_16x_Baud                                                                                                                                       | design_1_i/axi_uartlite_0/U0/UARTLITE_CORE_I/UARTLITE_RX_I/SERIAL_TO_PARALLEL[8].fifo_din[8]_i_1_n_0                                                  |                1 |             14 |
|  design_1_i/clk_wiz_1/inst/clk_out1                         | design_1_i/axi_uartlite_0/U0/AXI_LITE_IPIF_I/I_SLAVE_ATTACHMENT/s_axi_rresp_i                                                                                                                              | design_1_i/axi_uartlite_0/U0/AXI_LITE_IPIF_I/I_SLAVE_ATTACHMENT/rst                                                                                   |                2 |             16 |
|  design_1_i/clk_wiz_1/inst/clk_out1                         | design_1_i/axi_uartlite_0/U0/UARTLITE_CORE_I/UARTLITE_RX_I/SRL_FIFO_I/I_SRL_FIFO_RBU_F/DYNSHREG_F_I/fifo_wr                                                                                                |                                                                                                                                                       |                1 |             16 |
|  design_1_i/clk_wiz_1/inst/clk_out1                         | design_1_i/mymulfp_0/inst/mymulfp_v1_0_S00_AXI_inst/slv_reg0[15]_i_1_n_0                                                                                                                                   | design_1_i/rst_clk_wiz_1_100M/U0/peripheral_aresetn[0]                                                                                                |                0 |             16 |
|  design_1_i/clk_wiz_1/inst/clk_out1                         | design_1_i/mymulfp_0/inst/mymulfp_v1_0_S00_AXI_inst/slv_reg1[23]_i_1_n_0                                                                                                                                   | design_1_i/rst_clk_wiz_1_100M/U0/peripheral_aresetn[0]                                                                                                |                0 |             16 |
|  design_1_i/clk_wiz_1/inst/clk_out1                         | design_1_i/mymulfp_0/inst/mymulfp_v1_0_S00_AXI_inst/p_1_in[15]                                                                                                                                             | design_1_i/rst_clk_wiz_1_100M/U0/peripheral_aresetn[0]                                                                                                |                0 |             16 |
|  design_1_i/clk_wiz_1/inst/clk_out1                         | design_1_i/mymulfp_0/inst/mymulfp_v1_0_S00_AXI_inst/slv_reg0[23]_i_1_n_0                                                                                                                                   | design_1_i/rst_clk_wiz_1_100M/U0/peripheral_aresetn[0]                                                                                                |                0 |             16 |
|  design_1_i/clk_wiz_1/inst/clk_out1                         | design_1_i/mymulfp_0/inst/mymulfp_v1_0_S00_AXI_inst/p_1_in[7]                                                                                                                                              | design_1_i/rst_clk_wiz_1_100M/U0/peripheral_aresetn[0]                                                                                                |                0 |             16 |
|  design_1_i/clk_wiz_1/inst/clk_out1                         | design_1_i/mymulfp_0/inst/mymulfp_v1_0_S00_AXI_inst/slv_reg0[31]_i_1_n_0                                                                                                                                   | design_1_i/rst_clk_wiz_1_100M/U0/peripheral_aresetn[0]                                                                                                |                0 |             16 |
|  design_1_i/clk_wiz_1/inst/clk_out1                         | design_1_i/mymulfp_0/inst/mymulfp_v1_0_S00_AXI_inst/slv_reg1[7]_i_1_n_0                                                                                                                                    | design_1_i/rst_clk_wiz_1_100M/U0/peripheral_aresetn[0]                                                                                                |                0 |             16 |
|  design_1_i/clk_wiz_1/inst/clk_out1                         | design_1_i/mymulfp_0/inst/mymulfp_v1_0_S00_AXI_inst/p_1_in[23]                                                                                                                                             | design_1_i/rst_clk_wiz_1_100M/U0/peripheral_aresetn[0]                                                                                                |                0 |             16 |
|  design_1_i/clk_wiz_1/inst/clk_out1                         | design_1_i/mymulfp_0/inst/mymulfp_v1_0_S00_AXI_inst/slv_reg1[15]_i_1_n_0                                                                                                                                   | design_1_i/rst_clk_wiz_1_100M/U0/peripheral_aresetn[0]                                                                                                |                0 |             16 |
|  design_1_i/clk_wiz_1/inst/clk_out1                         | design_1_i/mymulfp_0/inst/mymulfp_v1_0_S00_AXI_inst/p_1_in[31]                                                                                                                                             | design_1_i/rst_clk_wiz_1_100M/U0/peripheral_aresetn[0]                                                                                                |                0 |             16 |
|  design_1_i/clk_wiz_1/inst/clk_out1                         | design_1_i/mymulfp_0/inst/mymulfp_v1_0_S00_AXI_inst/slv_reg1[31]_i_1_n_0                                                                                                                                   | design_1_i/rst_clk_wiz_1_100M/U0/peripheral_aresetn[0]                                                                                                |                0 |             16 |
|  design_1_i/clk_wiz_1/inst/clk_out1                         | design_1_i/mymulfp_0/inst/mymulfp_v1_0_S00_AXI_inst/slv_reg0[7]_i_1_n_0                                                                                                                                    | design_1_i/rst_clk_wiz_1_100M/U0/peripheral_aresetn[0]                                                                                                |                1 |             16 |
|  design_1_i/mdm_1/U0/No_Dbg_Reg_Access.BUFG_DRCK/Dbg_Clk_31 | design_1_i/microblaze_0/U0/MicroBlaze_Core_I/Performance.Core/Use_Debug_Logic.Master_Core.Debug_Perf/Using_PC_Breakpoints.All_PC_Brks[0].Serial_Interface_1.address_hit_I/Compare[0].SRLC16E_I/which_pc__0 |                                                                                                                                                       |                7 |             16 |
|  design_1_i/mdm_1/U0/No_Dbg_Reg_Access.BUFG_DRCK/Dbg_Clk_31 | design_1_i/mdm_1/U0/MDM_Core_I1/JTAG_CONTROL_I/tdi_shifter0                                                                                                                                                |                                                                                                                                                       |                0 |             16 |
|  design_1_i/mdm_1/U0/Ext_JTAG_UPDATE                        | design_1_i/mdm_1/U0/MDM_Core_I1/JTAG_CONTROL_I/Use_BSCAN.FDC_I/command_1_reg[7]_0[0]                                                                                                                       |                                                                                                                                                       |                0 |             16 |
|  design_1_i/clk_wiz_1/inst/clk_out1                         |                                                                                                                                                                                                            | design_1_i/axi_uartlite_0/U0/AXI_LITE_IPIF_I/I_SLAVE_ATTACHMENT/rst                                                                                   |                2 |             16 |
|  design_1_i/clk_wiz_1/inst/clk_out1                         | design_1_i/axi_uartlite_0/U0/AXI_LITE_IPIF_I/I_SLAVE_ATTACHMENT/I_DECODER/fifo_wr                                                                                                                          |                                                                                                                                                       |                1 |             16 |
| ~design_1_i/mdm_1/U0/Ext_JTAG_UPDATE                        | design_1_i/mdm_1/U0/MDM_Core_I1/JTAG_CONTROL_I/Use_BSCAN.command[0]_i_1_n_0                                                                                                                                |                                                                                                                                                       |                3 |             16 |
|  design_1_i/mdm_1/U0/No_Dbg_Reg_Access.BUFG_DRCK/Dbg_Clk_31 | design_1_i/mdm_1/U0/MDM_Core_I1/JTAG_CONTROL_I/Use_BSCAN.FDC_I/E[0]                                                                                                                                        |                                                                                                                                                       |                3 |             20 |
|  design_1_i/clk_wiz_1/inst/clk_out1                         |                                                                                                                                                                                                            | design_1_i/microblaze_0_axi_periph/xbar/inst/gen_sasd.crossbar_sasd_0/aresetn_d                                                                       |                1 |             22 |
|  design_1_i/clk_wiz_1/inst/clk_out1                         | design_1_i/microblaze_0_axi_periph/xbar/inst/gen_sasd.crossbar_sasd_0/reg_slice_r/aa_rready                                                                                                                |                                                                                                                                                       |                0 |             30 |
|  design_1_i/clk_wiz_1/inst/clk_out1                         | design_1_i/microblaze_0/U0/MicroBlaze_Core_I/Performance.Core/Decode_I/PreFetch_Buffer_I1/OF_Valid_DFF/imm_reg_reg[15][0]                                                                                  | design_1_i/microblaze_0/U0/MicroBlaze_Core_I/sync_reset                                                                                               |                2 |             32 |
|  design_1_i/clk_wiz_1/inst/clk_out1                         | design_1_i/microblaze_0_axi_periph/xbar/inst/gen_sasd.crossbar_sasd_0/addr_arbiter_inst/p_0_in1_in                                                                                                         | design_1_i/microblaze_0_axi_periph/xbar/inst/gen_sasd.crossbar_sasd_0/aresetn_d                                                                       |                3 |             36 |
|  design_1_i/clk_wiz_1/inst/clk_out1                         | design_1_i/microblaze_0/U0/MicroBlaze_Core_I/Performance.Core/mem_databus_ready_sel_carry_or/MUXCY_I/lopt_4                                                                                                | design_1_i/microblaze_0/U0/MicroBlaze_Core_I/sync_reset                                                                                               |                3 |             40 |
|  design_1_i/mdm_1/U0/No_Dbg_Reg_Access.BUFG_DRCK/Dbg_Clk_31 |                                                                                                                                                                                                            | design_1_i/mdm_1/U0/Use_E2.BSCAN_I/Use_BSCAN.Config_Reg_reg[30]                                                                                       |                3 |             46 |
|  design_1_i/clk_wiz_1/inst/clk_out1                         | design_1_i/axi_uartlite_0/U0/UARTLITE_CORE_I/BAUD_RATE_I/en_16x_Baud                                                                                                                                       | design_1_i/rst_clk_wiz_1_100M/U0/peripheral_aresetn[0]                                                                                                |                2 |             56 |
|  design_1_i/clk_wiz_1/inst/clk_out1                         | design_1_i/microblaze_0/U0/MicroBlaze_Core_I/Performance.Core/Decode_I/Use_MuxCy[3].OF_Piperun_Stage/MUXCY_I/mem_pc_i_reg[0][0]                                                                            | design_1_i/microblaze_0/U0/MicroBlaze_Core_I/sync_reset                                                                                               |                0 |             64 |
|  design_1_i/mdm_1/U0/No_Dbg_Reg_Access.BUFG_DRCK/Dbg_Clk_31 | design_1_i/microblaze_0/U0/MicroBlaze_Core_I/Performance.Core/Use_Debug_Logic.Master_Core.Debug_Perf/New_Dbg_Instr_TCK                                                                                     |                                                                                                                                                       |               10 |             64 |
|  design_1_i/clk_wiz_1/inst/clk_out1                         | design_1_i/microblaze_0/U0/MicroBlaze_Core_I/Performance.Core/Decode_I/jump_logic_I1/MUXCY_JUMP_CARRY6/if_pc_reg[0][0]                                                                                     | design_1_i/microblaze_0/U0/MicroBlaze_Core_I/sync_reset                                                                                               |                3 |             64 |
|  design_1_i/clk_wiz_1/inst/clk_out1                         | design_1_i/microblaze_0/U0/MicroBlaze_Core_I/Performance.Core/Use_Debug_Logic.Master_Core.Debug_Perf/data_rd_reg[0]_i_1_n_0                                                                                | design_1_i/microblaze_0/U0/MicroBlaze_Core_I/sync_reset                                                                                               |                2 |             64 |
|  design_1_i/clk_wiz_1/inst/clk_out1                         | design_1_i/microblaze_0/U0/MicroBlaze_Core_I/Performance.Core/mem_databus_ready_sel_carry_or/MUXCY_I/lopt_4                                                                                                | design_1_i/microblaze_0/U0/MicroBlaze_Core_I/Performance.Core/Decode_I/SR[0]                                                                          |                9 |             64 |
|  design_1_i/clk_wiz_1/inst/clk_out1                         | design_1_i/microblaze_0/U0/MicroBlaze_Core_I/Performance.Core/mem_databus_ready_sel_carry_or/MUXCY_I/lopt_4                                                                                                |                                                                                                                                                       |                5 |             64 |
|  design_1_i/clk_wiz_1/inst/clk_out1                         | design_1_i/microblaze_0/U0/MicroBlaze_Core_I/Performance.Core/mem_databus_ready_sel_carry_or/MUXCY_I/lopt_12                                                                                               | design_1_i/microblaze_0/U0/MicroBlaze_Core_I/Performance.Core/Decode_I/R                                                                              |               17 |             64 |
|  design_1_i/clk_wiz_1/inst/clk_out1                         |                                                                                                                                                                                                            | design_1_i/microblaze_0/U0/MicroBlaze_Core_I/Performance.Core/p_1_out                                                                                 |               10 |             64 |
|  design_1_i/clk_wiz_1/inst/clk_out1                         | design_1_i/mymulfp_0/inst/mymulfp_v1_0_S00_AXI_inst/slv_reg_rden__0                                                                                                                                        | design_1_i/rst_clk_wiz_1_100M/U0/peripheral_aresetn[0]                                                                                                |               12 |             64 |
|  design_1_i/clk_wiz_1/inst/clk_out1                         | design_1_i/microblaze_0_axi_periph/xbar/inst/gen_sasd.crossbar_sasd_0/addr_arbiter_inst/s_axi_rvalid[0]                                                                                                    | design_1_i/microblaze_0/U0/MicroBlaze_Core_I/sync_reset                                                                                               |                6 |             64 |
|  design_1_i/clk_wiz_1/inst/clk_out1                         |                                                                                                                                                                                                            | design_1_i/rst_clk_wiz_1_100M/U0/peripheral_aresetn[0]                                                                                                |               11 |             66 |
|  design_1_i/clk_wiz_1/inst/clk_out1                         | design_1_i/microblaze_0_axi_periph/xbar/inst/gen_sasd.crossbar_sasd_0/addr_arbiter_inst/E[0]                                                                                                               |                                                                                                                                                       |                6 |             66 |
|  design_1_i/mdm_1/U0/No_Dbg_Reg_Access.BUFG_DRCK/Dbg_Clk_31 | design_1_i/mdm_1/U0/Use_E2.BSCAN_I/sel_n_reg                                                                                                                                                               |                                                                                                                                                       |               10 |             94 |
|  design_1_i/clk_wiz_1/inst/clk_out1                         | design_1_i/microblaze_0/U0/MicroBlaze_Core_I/Performance.Core/Use_Debug_Logic.Master_Core.Debug_Perf/IReady_0                                                                                              |                                                                                                                                                       |                6 |            150 |
|  design_1_i/mdm_1/U0/No_Dbg_Reg_Access.BUFG_DRCK/Dbg_Clk_31 |                                                                                                                                                                                                            |                                                                                                                                                       |               26 |            156 |
|  design_1_i/clk_wiz_1/inst/clk_out1                         | design_1_i/microblaze_0/U0/MicroBlaze_Core_I/Performance.Core/mem_databus_ready_sel_carry_or/MUXCY_I/lopt_12                                                                                               | design_1_i/microblaze_0/U0/MicroBlaze_Core_I/sync_reset                                                                                               |               24 |            156 |
|  design_1_i/clk_wiz_1/inst/clk_out1                         |                                                                                                                                                                                                            |                                                                                                                                                       |               37 |            220 |
|  design_1_i/clk_wiz_1/inst/clk_out1                         | design_1_i/microblaze_0/U0/MicroBlaze_Core_I/Performance.Core/Decode_I/mb_halted_1_reg[34]                                                                                                                 |                                                                                                                                                       |                8 |            256 |
|  design_1_i/clk_wiz_1/inst/clk_out1                         |                                                                                                                                                                                                            | design_1_i/microblaze_0/U0/MicroBlaze_Core_I/sync_reset                                                                                               |               54 |            286 |
|  design_1_i/clk_wiz_1/inst/clk_out1                         | design_1_i/microblaze_0/U0/MicroBlaze_Core_I/Performance.Core/Decode_I/Use_MuxCy[6].OF_Piperun_Stage/MUXCY_I/lopt_10                                                                                       | design_1_i/microblaze_0/U0/MicroBlaze_Core_I/sync_reset                                                                                               |               50 |            436 |
+-------------------------------------------------------------+------------------------------------------------------------------------------------------------------------------------------------------------------------------------------------------------------------+-------------------------------------------------------------------------------------------------------------------------------------------------------+------------------+----------------+


