#
# There is insufficient memory for the Java Runtime Environment to continue.
# Native memory allocation (malloc) failed to allocate 47536 bytes for Chunk::new
# Possible reasons:
#   The system is out of physical RAM or swap space
#   In 32 bit mode, the process size limit was hit
# Possible solutions:
#   Reduce memory load on the system
#   Increase physical memory or swap space
#   Check if swap backing store is full
#   Use 64 bit Java on a 64 bit OS
#   Decrease Java heap size (-Xmx/-Xms)
#   Decrease number of Java threads
#   Decrease Java thread stack sizes (-Xss)
#   Set larger code cache with -XX:ReservedCodeCacheSize=
# This output file may be truncated or incomplete.
#
#  Out of Memory Error (allocation.cpp:390), pid=6636, tid=0x0000000000003064
#
# JRE version: Java(TM) SE Runtime Environment (8.0_112-b15) (build 1.8.0_112-b15)
# Java VM: Java HotSpot(TM) 64-Bit Server VM (25.112-b15 mixed mode windows-amd64 compressed oops)
# Failed to write core dump. Minidumps are not enabled by default on client versions of Windows
#

---------------  T H R E A D  ---------------

Current thread (0x000002187b8e0000):  JavaThread "C2 CompilerThread0" daemon [_thread_in_native, id=12388, stack(0x0000009b05e00000,0x0000009b05f00000)]

Stack: [0x0000009b05e00000,0x0000009b05f00000]
[error occurred during error reporting (printing stack bounds), id 0xc0000005]

Native frames: (J=compiled Java code, j=interpreted, Vv=VM code, C=native code)


Current CompileTask:
C2:   3209 1796       4       java.util.HashMap::resize (359 bytes)


---------------  P R O C E S S  ---------------

Java Threads: ( => current thread )
  0x000002187e611800 JavaThread "Image Fetcher 3" daemon [_thread_blocked, id=4652, stack(0x0000009b09400000,0x0000009b09900000)]
  0x000002187e611000 JavaThread "Batik CleanerThread" daemon [_thread_blocked, id=7608, stack(0x0000009b08f00000,0x0000009b09400000)]
  0x000002187e50d000 JavaThread "AWT-EventQueue-1" [_thread_blocked, id=9104, stack(0x0000009b08a00000,0x0000009b08f00000)]
  0x000002187d43d000 JavaThread "Process Messages" [_thread_blocked, id=12496, stack(0x0000009b08500000,0x0000009b08a00000)]
  0x000002187e349000 JavaThread "Thread-3" [_thread_in_native, id=1940, stack(0x0000009b02d00000,0x0000009b04100000)]
  0x000002187d225000 JavaThread "Thread-2" daemon [_thread_blocked, id=9424, stack(0x0000009b07b00000,0x0000009b08000000)]
  0x000002187d23e800 JavaThread "AWT-Windows" daemon [_thread_in_native, id=10844, stack(0x0000009b07600000,0x0000009b07b00000)]
  0x000002187d1b9000 JavaThread "AWT-Shutdown" [_thread_blocked, id=5708, stack(0x0000009b07100000,0x0000009b07600000)]
  0x000002187d1b8000 JavaThread "Java2D Disposer" daemon [_thread_blocked, id=12072, stack(0x0000009b06c00000,0x0000009b07100000)]
  0x000002187d17c800 JavaThread "TimerQueue" daemon [_thread_blocked, id=10212, stack(0x0000009b06700000,0x0000009b06c00000)]
  0x000002187b8f0000 JavaThread "Service Thread" daemon [_thread_blocked, id=8608, stack(0x0000009b06100000,0x0000009b06600000)]
  0x000002187b8e6800 JavaThread "C1 CompilerThread2" daemon [_thread_blocked, id=8244, stack(0x0000009b06000000,0x0000009b06100000)]
  0x000002187b8e1800 JavaThread "C2 CompilerThread1" daemon [_thread_in_native, id=6200, stack(0x0000009b05f00000,0x0000009b06000000)]
=>0x000002187b8e0000 JavaThread "C2 CompilerThread0" daemon [_thread_in_native, id=12388, stack(0x0000009b05e00000,0x0000009b05f00000)]
  0x000002187b8dd800 JavaThread "Attach Listener" daemon [_thread_blocked, id=7344, stack(0x0000009b05900000,0x0000009b05e00000)]
  0x000002187b8dc800 JavaThread "Signal Dispatcher" daemon [_thread_blocked, id=2624, stack(0x0000009b05400000,0x0000009b05900000)]
  0x000002187b8c9800 JavaThread "Finalizer" daemon [_thread_blocked, id=4888, stack(0x0000009b04f00000,0x0000009b05400000)]
  0x000002187b8a2800 JavaThread "Reference Handler" daemon [_thread_blocked, id=6056, stack(0x0000009b04a00000,0x0000009b04f00000)]
  0x0000021873714000 JavaThread "main" [_thread_blocked, id=12380, stack(0x0000009b04400000,0x0000009b04500000)]

Other Threads:
  0x000002187b8a0800 VMThread [stack: 0x0000009b04900000,0x0000009b04a00000] [id=8168]
  0x000002187b95d800 WatcherThread [stack: 0x0000009b06600000,0x0000009b06700000] [id=9324]

VM state:not at safepoint (normal execution)

VM Mutex/Monitor currently owned by a thread: None

Heap:
 PSYoungGen      total 55808K, used 15060K [0x00000007bc400000, 0x00000007c0000000, 0x00000007c0000000)
  eden space 49664K, 30% used [0x00000007bc400000,0x00000007bd2b53a0,0x00000007bf480000)
  from space 6144K, 0% used [0x00000007bfa00000,0x00000007bfa00000,0x00000007c0000000)
  to   space 5632K, 0% used [0x00000007bf480000,0x00000007bf480000,0x00000007bfa00000)
 ParOldGen       total 69632K, used 9223K [0x0000000700000000, 0x0000000704400000, 0x00000007bc400000)
  object space 69632K, 13% used [0x0000000700000000,0x0000000700901cd8,0x0000000704400000)
 Metaspace       used 22526K, capacity 22702K, committed 23040K, reserved 1079296K
  class space    used 2436K, capacity 2504K, committed 2560K, reserved 1048576K

Card table byte_map: [0x0000021873bd0000,0x00000218741e0000] byte_map_base: 0x00000218703d0000

Marking Bits: (ParMarkBitMap*) 0x000000006491a6d0
 Begin Bits: [0x00000218747d0000, 0x00000218777d0000)
 End Bits:   [0x00000218777d0000, 0x000002187a7d0000)

Polling page: 0x000002186a590000

CodeCache: size=245760Kb used=6555Kb max_used=6555Kb free=239204Kb
 bounds [0x0000021800000000, 0x0000021800670000, 0x000002180f000000]
 total_blobs=2402 nmethods=1802 adapters=512
 compilation: enabled

Compilation events (10 events):
Event: 3.204 Thread 0x000002187b8e6800 nmethod 1797 0x0000021800662290 code [0x0000021800662400, 0x00000218006627a0]
Event: 3.204 Thread 0x000002187b8e6800 1798       3       com.sun.org.apache.xerces.internal.util.FeatureState::is (12 bytes)
Event: 3.205 Thread 0x000002187b8e6800 nmethod 1798 0x0000021800662850 code [0x00000218006629c0, 0x0000021800662c38]
Event: 3.205 Thread 0x000002187b8e6800 1799       3       com.sun.org.apache.xerces.internal.util.ParserConfigurationSettings::getFeatureState (46 bytes)
Event: 3.205 Thread 0x000002187b8e6800 nmethod 1799 0x0000021800662d50 code [0x0000021800662f20, 0x0000021800663860]
Event: 3.205 Thread 0x000002187b8e6800 1800       3       com.sun.org.apache.xerces.internal.util.XMLStringBuffer::<init> (12 bytes)
Event: 3.205 Thread 0x000002187b8e6800 nmethod 1800 0x0000021800663c10 code [0x0000021800663d80, 0x0000021800664038]
Event: 3.206 Thread 0x000002187b8e6800 1801       1       java.net.URLConnection::getUseCaches (5 bytes)
Event: 3.206 Thread 0x000002187b8e6800 nmethod 1801 0x0000021800664150 code [0x00000218006642a0, 0x00000218006643b8]
Event: 3.206 Thread 0x000002187b8e6800 1802   !   3       java.net.URL::getURLStreamHandler (313 bytes)

GC Heap History (10 events):
Event: 2.679 GC heap before
{Heap before GC invocations=39 (full 19):
 PSYoungGen      total 54784K, used 64K [0x00000007bc400000, 0x00000007c0000000, 0x00000007c0000000)
  eden space 47616K, 0% used [0x00000007bc400000,0x00000007bc400000,0x00000007bf280000)
  from space 7168K, 0% used [0x00000007bf900000,0x00000007bf910000,0x00000007c0000000)
  to   space 6656K, 0% used [0x00000007bf280000,0x00000007bf280000,0x00000007bf900000)
 ParOldGen       total 69632K, used 8760K [0x0000000700000000, 0x0000000704400000, 0x00000007bc400000)
  object space 69632K, 12% used [0x0000000700000000,0x000000070088e330,0x0000000704400000)
 Metaspace       used 19079K, capacity 19230K, committed 19328K, reserved 1079296K
  class space    used 2060K, capacity 2149K, committed 2176K, reserved 1048576K
Event: 2.695 GC heap after
Heap after GC invocations=39 (full 19):
 PSYoungGen      total 54784K, used 0K [0x00000007bc400000, 0x00000007c0000000, 0x00000007c0000000)
  eden space 47616K, 0% used [0x00000007bc400000,0x00000007bc400000,0x00000007bf280000)
  from space 7168K, 0% used [0x00000007bf900000,0x00000007bf900000,0x00000007c0000000)
  to   space 6656K, 0% used [0x00000007bf280000,0x00000007bf280000,0x00000007bf900000)
 ParOldGen       total 69632K, used 8762K [0x0000000700000000, 0x0000000704400000, 0x00000007bc400000)
  object space 69632K, 12% used [0x0000000700000000,0x000000070088e920,0x0000000704400000)
 Metaspace       used 19079K, capacity 19230K, committed 19328K, reserved 1073152K
  class space    used 2060K, capacity 2149K, committed 2176K, reserved 1048576K
}
Event: 2.695 GC heap before
{Heap before GC invocations=40 (full 19):
 PSYoungGen      total 54784K, used 0K [0x00000007bc400000, 0x00000007c0000000, 0x00000007c0000000)
  eden space 47616K, 0% used [0x00000007bc400000,0x00000007bc400000,0x00000007bf280000)
  from space 7168K, 0% used [0x00000007bf900000,0x00000007bf900000,0x00000007c0000000)
  to   space 6656K, 0% used [0x00000007bf280000,0x00000007bf280000,0x00000007bf900000)
 ParOldGen       total 69632K, used 8762K [0x0000000700000000, 0x0000000704400000, 0x00000007bc400000)
  object space 69632K, 12% used [0x0000000700000000,0x000000070088e920,0x0000000704400000)
 Metaspace       used 19079K, capacity 19230K, committed 19328K, reserved 1077248K
  class space    used 2060K, capacity 2149K, committed 2176K, reserved 1048576K
Event: 2.695 GC heap after
Heap after GC invocations=40 (full 19):
 PSYoungGen      total 54272K, used 0K [0x00000007bc400000, 0x00000007c0000000, 0x00000007c0000000)
  eden space 47616K, 0% used [0x00000007bc400000,0x00000007bc400000,0x00000007bf280000)
  from space 6656K, 0% used [0x00000007bf280000,0x00000007bf280000,0x00000007bf900000)
  to   space 6144K, 0% used [0x00000007bfa00000,0x00000007bfa00000,0x00000007c0000000)
 ParOldGen       total 69632K, used 8762K [0x0000000700000000, 0x0000000704400000, 0x00000007bc400000)
  object space 69632K, 12% used [0x0000000700000000,0x000000070088e920,0x0000000704400000)
 Metaspace       used 19079K, capacity 19230K, committed 19328K, reserved 1077248K
  class space    used 2060K, capacity 2149K, committed 2176K, reserved 1048576K
}
Event: 2.695 GC heap before
{Heap before GC invocations=41 (full 20):
 PSYoungGen      total 54272K, used 0K [0x00000007bc400000, 0x00000007c0000000, 0x00000007c0000000)
  eden space 47616K, 0% used [0x00000007bc400000,0x00000007bc400000,0x00000007bf280000)
  from space 6656K, 0% used [0x00000007bf280000,0x00000007bf280000,0x00000007bf900000)
  to   space 6144K, 0% used [0x00000007bfa00000,0x00000007bfa00000,0x00000007c0000000)
 ParOldGen       total 69632K, used 8762K [0x0000000700000000, 0x0000000704400000, 0x00000007bc400000)
  object space 69632K, 12% used [0x0000000700000000,0x000000070088e920,0x0000000704400000)
 Metaspace       used 19079K, capacity 19230K, committed 19328K, reserved 1077248K
  class space    used 2060K, capacity 2149K, committed 2176K, reserved 1048576K
Event: 2.711 GC heap after
Heap after GC invocations=41 (full 20):
 PSYoungGen      total 54272K, used 0K [0x00000007bc400000, 0x00000007c0000000, 0x00000007c0000000)
  eden space 47616K, 0% used [0x00000007bc400000,0x00000007bc400000,0x00000007bf280000)
  from space 6656K, 0% used [0x00000007bf280000,0x00000007bf280000,0x00000007bf900000)
  to   space 6144K, 0% used [0x00000007bfa00000,0x00000007bfa00000,0x00000007c0000000)
 ParOldGen       total 69632K, used 8760K [0x0000000700000000, 0x0000000704400000, 0x00000007bc400000)
  object space 69632K, 12% used [0x0000000700000000,0x000000070088e330,0x0000000704400000)
 Metaspace       used 19079K, capacity 19230K, committed 19328K, reserved 1073152K
  class space    used 2060K, capacity 2149K, committed 2176K, reserved 1048576K
}
Event: 2.743 GC heap before
{Heap before GC invocations=42 (full 20):
 PSYoungGen      total 54272K, used 2508K [0x00000007bc400000, 0x00000007c0000000, 0x00000007c0000000)
  eden space 47616K, 5% used [0x00000007bc400000,0x00000007bc673158,0x00000007bf280000)
  from space 6656K, 0% used [0x00000007bf280000,0x00000007bf280000,0x00000007bf900000)
  to   space 6144K, 0% used [0x00000007bfa00000,0x00000007bfa00000,0x00000007c0000000)
 ParOldGen       total 69632K, used 8760K [0x0000000700000000, 0x0000000704400000, 0x00000007bc400000)
  object space 69632K, 12% used [0x0000000700000000,0x000000070088e330,0x0000000704400000)
 Metaspace       used 19700K, capacity 19844K, committed 19968K, reserved 1077248K
  class space    used 2155K, capacity 2247K, committed 2304K, reserved 1048576K
Event: 2.744 GC heap after
Heap after GC invocations=42 (full 20):
 PSYoungGen      total 55808K, used 596K [0x00000007bc400000, 0x00000007c0000000, 0x00000007c0000000)
  eden space 49664K, 0% used [0x00000007bc400000,0x00000007bc400000,0x00000007bf480000)
  from space 6144K, 9% used [0x00000007bfa00000,0x00000007bfa95218,0x00000007c0000000)
  to   space 5632K, 0% used [0x00000007bf480000,0x00000007bf480000,0x00000007bfa00000)
 ParOldGen       total 69632K, used 8760K [0x0000000700000000, 0x0000000704400000, 0x00000007bc400000)
  object space 69632K, 12% used [0x0000000700000000,0x000000070088e330,0x0000000704400000)
 Metaspace       used 19700K, capacity 19844K, committed 19968K, reserved 1077248K
  class space    used 2155K, capacity 2247K, committed 2304K, reserved 1048576K
}
Event: 2.744 GC heap before
{Heap before GC invocations=43 (full 21):
 PSYoungGen      total 55808K, used 596K [0x00000007bc400000, 0x00000007c0000000, 0x00000007c0000000)
  eden space 49664K, 0% used [0x00000007bc400000,0x00000007bc400000,0x00000007bf480000)
  from space 6144K, 9% used [0x00000007bfa00000,0x00000007bfa95218,0x00000007c0000000)
  to   space 5632K, 0% used [0x00000007bf480000,0x00000007bf480000,0x00000007bfa00000)
 ParOldGen       total 69632K, used 8760K [0x0000000700000000, 0x0000000704400000, 0x00000007bc400000)
  object space 69632K, 12% used [0x0000000700000000,0x000000070088e330,0x0000000704400000)
 Metaspace       used 19700K, capacity 19844K, committed 19968K, reserved 1077248K
  class space    used 2155K, capacity 2247K, committed 2304K, reserved 1048576K
Event: 2.789 GC heap after
Heap after GC invocations=43 (full 21):
 PSYoungGen      total 55808K, used 0K [0x00000007bc400000, 0x00000007c0000000, 0x00000007c0000000)
  eden space 49664K, 0% used [0x00000007bc400000,0x00000007bc400000,0x00000007bf480000)
  from space 6144K, 0% used [0x00000007bfa00000,0x00000007bfa00000,0x00000007c0000000)
  to   space 5632K, 0% used [0x00000007bf480000,0x00000007bf480000,0x00000007bfa00000)
 ParOldGen       total 69632K, used 9223K [0x0000000700000000, 0x0000000704400000, 0x00000007bc400000)
  object space 69632K, 13% used [0x0000000700000000,0x0000000700901cd8,0x0000000704400000)
 Metaspace       used 19700K, capacity 19844K, committed 19968K, reserved 1075200K
  class space    used 2155K, capacity 2247K, committed 2304K, reserved 1048576K
}

Deoptimization events (10 events):
Event: 2.084 Thread 0x000002187e50d000 Uncommon trap: reason=unstable_if action=reinterpret pc=0x00000218003e5928 method=java.util.Properties$LineReader.readLine()I @ 349
Event: 2.090 Thread 0x000002187e50d000 Uncommon trap: reason=unstable_if action=reinterpret pc=0x000002180035a8c4 method=com.sun.org.apache.xerces.internal.impl.XMLEntityScanner.scanQName(Lcom/sun/org/apache/xerces/internal/xni/QName;Lcom/sun/org/apache/xerces/internal/impl/XMLScanner$NameType
Event: 2.090 Thread 0x000002187e50d000 Uncommon trap: reason=unstable_if action=reinterpret pc=0x000002180035ffd8 method=com.sun.org.apache.xerces.internal.impl.XMLEntityScanner.scanLiteral(ILcom/sun/org/apache/xerces/internal/xni/XMLString;Z)I @ 660
Event: 2.725 Thread 0x000002187e50d000 Uncommon trap: reason=null_check action=make_not_entrant pc=0x00000218004df8a0 method=java.awt.Color.equals(Ljava/lang/Object;)Z @ 1
Event: 2.732 Thread 0x000002187e50d000 Uncommon trap: reason=unstable_if action=reinterpret pc=0x0000021800398bec method=java.util.HashMap.hash(Ljava/lang/Object;)I @ 1
Event: 2.732 Thread 0x000002187e50d000 Uncommon trap: reason=unstable_if action=reinterpret pc=0x0000021800563bd0 method=java.util.HashMap.hash(Ljava/lang/Object;)I @ 1
Event: 2.806 Thread 0x000002187e50d000 Uncommon trap: reason=bimorphic action=maybe_recompile pc=0x00000218003f2c1c method=java.util.Hashtable.addEntry(ILjava/lang/Object;Ljava/lang/Object;I)V @ 38
Event: 2.983 Thread 0x000002187e50d000 Uncommon trap: reason=bimorphic action=maybe_recompile pc=0x00000218003f2c1c method=java.util.Hashtable.addEntry(ILjava/lang/Object;Ljava/lang/Object;I)V @ 38
Event: 3.145 Thread 0x000002187e50d000 Uncommon trap: reason=unstable_if action=reinterpret pc=0x000002180044c96c method=java.util.regex.Pattern$Start.match(Ljava/util/regex/Matcher;ILjava/lang/CharSequence;)Z @ 10
Event: 3.148 Thread 0x000002187e50d000 Uncommon trap: reason=unstable_if action=reinterpret pc=0x00000218005dc084 method=com.sun.org.apache.xerces.internal.impl.XMLDocumentFragmentScannerImpl$FragmentContentDriver.next()I @ 46

Internal exceptions (10 events):
Event: 2.572 Thread 0x000002187e50d000 Exception <a 'java/lang/OutOfMemoryError'> (0x00000007001f2b18) thrown at [C:\re\workspace\8-2-build-windows-amd64-cygwin\jdk8u112\7884\hotspot\src\share\vm\prims\jvm.cpp, line 1394]
Event: 2.614 Thread 0x000002187e50d000 Exception <a 'java/lang/OutOfMemoryError'> (0x00000007001f2ad0) thrown at [C:\re\workspace\8-2-build-windows-amd64-cygwin\jdk8u112\7884\hotspot\src\share\vm\memory\metaspace.cpp, line 3569]
Event: 2.615 Thread 0x000002187e50d000 Exception <a 'java/lang/OutOfMemoryError'> (0x00000007001f2ad0) thrown at [C:\re\workspace\8-2-build-windows-amd64-cygwin\jdk8u112\7884\hotspot\src\share\vm\prims\jvm.cpp, line 1394]
Event: 2.646 Thread 0x000002187e50d000 Exception <a 'java/lang/OutOfMemoryError'> (0x00000007001f2ad0) thrown at [C:\re\workspace\8-2-build-windows-amd64-cygwin\jdk8u112\7884\hotspot\src\share\vm\memory\metaspace.cpp, line 3569]
Event: 2.646 Thread 0x000002187e50d000 Exception <a 'java/lang/OutOfMemoryError'> (0x00000007001f2ad0) thrown at [C:\re\workspace\8-2-build-windows-amd64-cygwin\jdk8u112\7884\hotspot\src\share\vm\prims\jvm.cpp, line 1394]
Event: 2.678 Thread 0x000002187e50d000 Exception <a 'java/lang/OutOfMemoryError'> (0x00000007001f2ad0) thrown at [C:\re\workspace\8-2-build-windows-amd64-cygwin\jdk8u112\7884\hotspot\src\share\vm\memory\metaspace.cpp, line 3569]
Event: 2.678 Thread 0x000002187e50d000 Exception <a 'java/lang/OutOfMemoryError'> (0x00000007001f2ad0) thrown at [C:\re\workspace\8-2-build-windows-amd64-cygwin\jdk8u112\7884\hotspot\src\share\vm\prims\jvm.cpp, line 1394]
Event: 2.725 Thread 0x000002187e50d000 Implicit null exception at 0x00000218004df84c to 0x00000218004df891
Event: 2.732 Thread 0x000002187e50d000 Implicit null exception at 0x00000218003989b5 to 0x0000021800398bdd
Event: 2.732 Thread 0x000002187e50d000 Implicit null exception at 0x00000218005633db to 0x0000021800563bb5

Events (10 events):
Event: 3.192 loading class org/w3c/dom/svg/SVGPathSegCurvetoCubicSmoothAbs
Event: 3.192 loading class org/w3c/dom/svg/SVGPathSegCurvetoCubicSmoothAbs done
Event: 3.192 loading class org/w3c/dom/svg/SVGPathSegCurvetoCubicSmoothRel
Event: 3.192 loading class org/w3c/dom/svg/SVGPathSegCurvetoCubicSmoothRel done
Event: 3.197 loading class java/awt/image/AreaAveragingScaleFilter
Event: 3.197 loading class java/awt/image/AreaAveragingScaleFilter done
Event: 3.197 loading class sun/awt/image/OffScreenImageSource
Event: 3.197 loading class sun/awt/image/OffScreenImageSource done
Event: 3.200 Executing VM operation: CollectForMetadataAllocation
Event: 3.200 Executing VM operation: CollectForMetadataAllocation done


Dynamic libraries:
0x00007ff671ee0000 - 0x00007ff671f10000 	C:\Xilinx\Vivado\2018.2\bin\unwrapped\win64.o\vivado.exe
0x00007ff83f480000 - 0x00007ff83f670000 	C:\Windows\SYSTEM32\ntdll.dll
0x00007ff83eff0000 - 0x00007ff83f0a2000 	C:\Windows\System32\KERNEL32.DLL
0x00007ff83c4c0000 - 0x00007ff83c763000 	C:\Windows\System32\KERNELBASE.dll
0x00007ff83c770000 - 0x00007ff83c86a000 	C:\Windows\System32\ucrtbase.dll
0x00007ff808420000 - 0x00007ff809239000 	C:\Xilinx\Vivado\2018.2\lib\win64.o\librdi_common.dll
0x00007ff823e00000 - 0x00007ff823e14000 	C:\Xilinx\Vivado\2018.2\lib\win64.o\librdi_commonmain.dll
0x00007ff83dd60000 - 0x00007ff83def4000 	C:\Windows\System32\USER32.dll
0x00007ff8340e0000 - 0x00007ff834179000 	C:\Windows\SYSTEM32\MSVCP140.dll
0x00007ff83c490000 - 0x00007ff83c4b1000 	C:\Windows\System32\win32u.dll
0x00007ff82cab0000 - 0x00007ff82cac4000 	C:\Xilinx\Vivado\2018.2\lib\win64.o\libboost_signals.dll
0x00007ff83dc80000 - 0x00007ff83dca6000 	C:\Windows\System32\GDI32.dll
0x00007ff83c970000 - 0x00007ff83cb04000 	C:\Windows\System32\gdi32full.dll
0x00007ff8341b0000 - 0x00007ff8341c6000 	C:\Windows\SYSTEM32\VCRUNTIME140.dll
0x00007ff83c8d0000 - 0x00007ff83c96e000 	C:\Windows\System32\msvcp_win.dll
0x00007ff807df0000 - 0x00007ff80815e000 	C:\Xilinx\Vivado\2018.2\lib\win64.o\libCOIN-all.dll
0x00007ff83dcb0000 - 0x00007ff83dd53000 	C:\Windows\System32\ADVAPI32.dll
0x00007ff83e0b0000 - 0x00007ff83e14e000 	C:\Windows\System32\msvcrt.dll
0x00007ff808160000 - 0x00007ff808415000 	C:\Xilinx\Vivado\2018.2\lib\win64.o\libXil_lmgr11.dll
0x00007ff83f0b0000 - 0x00007ff83f147000 	C:\Windows\System32\sechost.dll
0x00007ff83d5f0000 - 0x00007ff83d6c0000 	C:\Windows\System32\COMDLG32.dll
0x00007ff83f310000 - 0x00007ff83f430000 	C:\Windows\System32\RPCRT4.dll
0x00007ff83e9f0000 - 0x00007ff83ed26000 	C:\Windows\System32\combase.dll
0x00007ff81c120000 - 0x00007ff81c134000 	C:\Xilinx\Vivado\2018.2\lib\win64.o\libboost_date_time.dll
0x00007ff83e290000 - 0x00007ff83e975000 	C:\Windows\System32\SHELL32.dll
0x00007ff83c410000 - 0x00007ff83c490000 	C:\Windows\System32\bcryptPrimitives.dll
0x00007ff83d540000 - 0x00007ff83d5e9000 	C:\Windows\System32\shcore.dll
0x00007ff83cb30000 - 0x00007ff83cb7a000 	C:\Windows\System32\cfgmgr32.dll
0x00007ff823dd0000 - 0x00007ff823df6000 	C:\Xilinx\Vivado\2018.2\lib\win64.o\libboost_filesystem.dll
0x00007ff83dc20000 - 0x00007ff83dc72000 	C:\Windows\System32\SHLWAPI.dll
0x00007ff83cdb0000 - 0x00007ff83d52f000 	C:\Windows\System32\windows.storage.dll
0x00007ff83c3d0000 - 0x00007ff83c3ef000 	C:\Windows\System32\profapi.dll
0x00007ff83ef20000 - 0x00007ff83efe4000 	C:\Windows\System32\OLEAUT32.dll
0x00007ff83c360000 - 0x00007ff83c3aa000 	C:\Windows\System32\powrprof.dll
0x00007ff823d50000 - 0x00007ff823dcf000 	C:\Xilinx\Vivado\2018.2\lib\win64.o\libboost_program_options.dll
0x00007ff83c350000 - 0x00007ff83c360000 	C:\Windows\System32\UMPDC.dll
0x00007ff83edc0000 - 0x00007ff83ef16000 	C:\Windows\System32\ole32.dll
0x00007ff83c3f0000 - 0x00007ff83c401000 	C:\Windows\System32\kernel.appcore.dll
0x00007ff83e170000 - 0x00007ff83e1df000 	C:\Windows\System32\WS2_32.dll
0x00007ff83cb10000 - 0x00007ff83cb27000 	C:\Windows\System32\cryptsp.dll
0x00007ff822ae0000 - 0x00007ff822bf4000 	C:\Xilinx\Vivado\2018.2\lib\win64.o\libboost_regex.dll
0x00007ff83c870000 - 0x00007ff83c8cc000 	C:\Windows\System32\WINTRUST.dll
0x00007ff83c3b0000 - 0x00007ff83c3c2000 	C:\Windows\System32\MSASN1.dll
0x00007ff83cc30000 - 0x00007ff83cd79000 	C:\Windows\System32\CRYPT32.dll
0x00007ff82caa0000 - 0x00007ff82caab000 	C:\Xilinx\Vivado\2018.2\lib\win64.o\libboost_system.dll
0x00007ff82f3b0000 - 0x00007ff82f3ba000 	C:\Xilinx\Vivado\2018.2\lib\win64.o\librdi_commonversion.dll
0x00007ff81ab50000 - 0x00007ff81ab71000 	C:\Xilinx\Vivado\2018.2\lib\win64.o\libboost_thread.dll
0x00007ff81ab80000 - 0x00007ff81aca1000 	C:\Xilinx\Vivado\2018.2\lib\win64.o\librdi_commonxillic.dll
0x00007ff825670000 - 0x00007ff82567f000 	C:\Xilinx\Vivado\2018.2\lib\win64.o\libboost_xilinx.dll
0x00000000649a0000 - 0x0000000064acb000 	C:\Xilinx\Vivado\2018.2\lib\win64.o\tcl85t.dll
0x00007ff81aac0000 - 0x00007ff81ab42000 	C:\Xilinx\Vivado\2018.2\lib\win64.o\libhdlpsolve.dll
0x00007ff81a9e0000 - 0x00007ff81aa85000 	C:\Xilinx\Vivado\2018.2\lib\win64.o\libhdxml.dll
0x00007ff802700000 - 0x00007ff802fb3c00 	C:\Xilinx\Vivado\2018.2\lib\win64.o\libisl_iostreams.dll
0x00007ff81aa90000 - 0x00007ff81aabe000 	C:\Xilinx\Vivado\2018.2\lib\win64.o\libisl_sysinfo.dll
0x0000000064100000 - 0x000000006499a000 	C:\Xilinx\Vivado\2018.2\tps\win64\jre\bin\server\jvm.dll
0x00007ff81a970000 - 0x00007ff81a9d5000 	C:\Xilinx\Vivado\2018.2\lib\win64.o\liblmx6.0.dll
0x00007ff81a950000 - 0x00007ff81a96a000 	C:\Xilinx\Vivado\2018.2\lib\win64.o\pthreadVC2.dll
0x00007ff83db90000 - 0x00007ff83db98000 	C:\Windows\System32\PSAPI.DLL
0x00007ff80a770000 - 0x00007ff80a8c1000 	C:\Xilinx\Vivado\2018.2\lib\win64.o\librdi_curl.dll
0x00007ff81a930000 - 0x00007ff81a94c000 	C:\Xilinx\Vivado\2018.2\lib\win64.o\librdiconfig.dll
0x00007ff80f930000 - 0x00007ff80f951000 	C:\Xilinx\Vivado\2018.2\lib\win64.o\librdizlib.dll
0x0000000012000000 - 0x0000000012272000 	C:\Xilinx\Vivado\2018.2\lib\win64.o\xerces-c_3_1.dll
0x00007ff83b500000 - 0x00007ff83b517000 	C:\Windows\SYSTEM32\NETAPI32.dll
0x00007ff831280000 - 0x00007ff831756000 	C:\Windows\SYSTEM32\WININET.dll
0x00007ff838950000 - 0x00007ff838a40000 	C:\Windows\SYSTEM32\WINHTTP.dll
0x00007ff835e40000 - 0x00007ff836016000 	C:\Windows\SYSTEM32\urlmon.dll
0x00007ff819e80000 - 0x00007ff819f29000 	C:\Windows\WinSxS\amd64_microsoft.windows.common-controls_6595b64144ccf1df_5.82.18362.418_none_2a23d356466d526c\COMCTL32.dll
0x00007ff838280000 - 0x00007ff838289000 	C:\Windows\SYSTEM32\WSOCK32.dll
0x00007ff837b60000 - 0x00007ff837b7c000 	C:\Windows\SYSTEM32\dhcpcsvc.DLL
0x00007ff83f430000 - 0x00007ff83f438000 	C:\Windows\System32\NSI.dll
0x00007ff80c5b0000 - 0x00007ff80c5d9000 	C:\Windows\SYSTEM32\VCOMP140.DLL
0x00007ff804000000 - 0x00007ff804e91000 	C:\Xilinx\Vivado\2018.2\lib\win64.o\gurobi65.dll
0x00007ff8250f0000 - 0x00007ff8250fd000 	C:\Xilinx\Vivado\2018.2\lib\win64.o\libboost_chrono.dll
0x00007ff8188f0000 - 0x00007ff81890b000 	C:\Xilinx\Vivado\2018.2\lib\win64.o\libboost_iostreams.dll
0x00007ff80c580000 - 0x00007ff80c5a5000 	C:\Xilinx\Vivado\2018.2\lib\win64.o\libisl_iosutils.dll
0x00007ff834560000 - 0x00007ff834584000 	C:\Windows\SYSTEM32\WINMM.dll
0x00007ff83b4c0000 - 0x00007ff83b4ca000 	C:\Windows\SYSTEM32\VERSION.dll
0x0000000064020000 - 0x00000000640f2000 	C:\Windows\SYSTEM32\MSVCR100.dll
0x00007ff8308e0000 - 0x00007ff830b86000 	C:\Windows\SYSTEM32\iertutil.dll
0x00007ff834180000 - 0x00007ff8341ad000 	C:\Windows\SYSTEM32\WINMMBASE.dll
0x00007ff83bd30000 - 0x00007ff83bd3c000 	C:\Windows\SYSTEM32\CRYPTBASE.DLL
0x00007ff83ed30000 - 0x00007ff83ed5e000 	C:\Windows\System32\IMM32.DLL
0x00007ff802270000 - 0x00007ff8026fc000 	C:\Xilinx\Vivado\2018.2\lib\win64.o\librdi_commontasks.dll
0x00007ff807b70000 - 0x00007ff807de7000 	C:\Xilinx\Vivado\2018.2\lib\win64.o\librdi_sio.dll
0x00007ff83b870000 - 0x00007ff83b8aa000 	C:\Windows\SYSTEM32\IPHLPAPI.DLL
0x00007ff800070000 - 0x00007ff80226f000 	C:\Xilinx\Vivado\2018.2\lib\win64.o\librdi_tcltasks.dll
0x00007ffff3510000 - 0x00007ffff38e5000 	C:\Xilinx\Vivado\2018.2\lib\win64.o\librdi_bitstream.dll
0x00007ff80a520000 - 0x00007ff80a69e000 	C:\Xilinx\Vivado\2018.2\lib\win64.o\librdi_board.dll
0x00007ff80a6a0000 - 0x00007ff80a70a000 	C:\Xilinx\Vivado\2018.2\lib\win64.o\librdi_boarddep.dll
0x00007ff803db0000 - 0x00007ff803ff7000 	C:\Xilinx\Vivado\2018.2\lib\win64.o\librdi_chipscope.dll
0x00007ffff15d0000 - 0x00007ffff2e29000 	C:\Xilinx\Vivado\2018.2\lib\win64.o\librdi_constraints.dll
0x00007ff809ee0000 - 0x00007ff80a008000 	C:\Xilinx\Vivado\2018.2\lib\win64.o\librdi_containers.dll
0x00007fffef8b0000 - 0x00007ffff15c1000 	C:\Xilinx\Vivado\2018.2\lib\win64.o\librdi_coregen.dll
0x00007ffff2e30000 - 0x00007ffff3509000 	C:\Xilinx\Vivado\2018.2\lib\win64.o\librdi_coregenipxact.dll
0x00007fffebb40000 - 0x00007fffef8a2000 	C:\Xilinx\Vivado\2018.2\lib\win64.o\librdi_designutils.dll
0x00007fffdd020000 - 0x00007fffeb818000 	C:\Xilinx\Vivado\2018.2\lib\win64.o\librdi_device.dll
0x00007fffdca00000 - 0x00007fffdcf41000 	C:\Xilinx\Vivado\2018.2\lib\win64.o\librdi_drc.dll
0x00007fffeb820000 - 0x00007fffebb38000 	C:\Xilinx\Vivado\2018.2\lib\win64.o\librdi_dlyest.dll
0x00007fffdcf50000 - 0x00007fffdd012000 	C:\Xilinx\Vivado\2018.2\lib\win64.o\librdi_dsp.dll
0x00007fffdc0e0000 - 0x00007fffdc711000 	C:\Xilinx\Vivado\2018.2\lib\win64.o\librdi_filemgmt.dll
0x00007ff807b10000 - 0x00007ff807b68000 	C:\Xilinx\Vivado\2018.2\lib\win64.o\librdi_hdf.dll
0x00007fffdc720000 - 0x00007fffdc9f1000 	C:\Xilinx\Vivado\2018.2\lib\win64.o\librdi_guitools.dll
0x00007fffdaea0000 - 0x00007fffdc0d4000 	C:\Xilinx\Vivado\2018.2\lib\win64.o\librdi_implflow.dll
0x00007fffda840000 - 0x00007fffdae91000 	C:\Xilinx\Vivado\2018.2\lib\win64.o\librdi_memdata.dll
0x00007fffd42b0000 - 0x00007fffd7aba000 	C:\Xilinx\Vivado\2018.2\lib\win64.o\librdi_mig.dll
0x00007fffda390000 - 0x00007fffda832000 	C:\Xilinx\Vivado\2018.2\lib\win64.o\librdi_netlist.dll
0x00007ff803d60000 - 0x00007ff803da9000 	C:\Xilinx\Vivado\2018.2\lib\win64.o\librdi_pfi.dll
0x00007fffd1990000 - 0x00007fffd3d2e000 	C:\Xilinx\Vivado\2018.2\lib\win64.o\librdi_place.dll
0x00007fffda100000 - 0x00007fffda38a000 	C:\Xilinx\Vivado\2018.2\lib\win64.o\librdi_platform.dll
0x00007fffd9a10000 - 0x00007fffda0fc000 	C:\Xilinx\Vivado\2018.2\lib\win64.o\librdi_power.dll
0x00007fffd94d0000 - 0x00007fffd9a0d000 	C:\Xilinx\Vivado\2018.2\lib\win64.o\librdi_project.dll
0x00007fffd8de0000 - 0x00007fffd94c1000 	C:\Xilinx\Vivado\2018.2\lib\win64.o\librdi_psta.dll
0x00007fffd83d0000 - 0x00007fffd8a0e000 	C:\Xilinx\Vivado\2018.2\lib\win64.o\librdi_rsb.dll
0x00007fffd8a10000 - 0x00007fffd8dd3000 	C:\Xilinx\Vivado\2018.2\lib\win64.o\librdi_runs.dll
0x00007fffd82f0000 - 0x00007fffd83c7000 	C:\Xilinx\Vivado\2018.2\lib\win64.o\librdi_runsbase.dll
0x00007fffd80c0000 - 0x00007fffd82e6000 	C:\Xilinx\Vivado\2018.2\lib\win64.o\librdi_simdata.dll
0x00007fffd08c0000 - 0x00007fffd15dd000 	C:\Xilinx\Vivado\2018.2\lib\win64.o\librdi_timing.dll
0x00007fffd7ff0000 - 0x00007fffd80bb000 	C:\Xilinx\Vivado\2018.2\lib\win64.o\librdi_xhub.dll
0x00007ff800020000 - 0x00007ff80006c000 	C:\Xilinx\Vivado\2018.2\lib\win64.o\libboost_serialization.dll
0x00007fffd7f40000 - 0x00007fffd7fef000 	C:\Xilinx\Vivado\2018.2\lib\win64.o\librdi_hip_devdesign.dll
0x00007fffd7ed0000 - 0x00007fffd7f36000 	C:\Xilinx\Vivado\2018.2\lib\win64.o\librdi_ipconfig_readwrite.dll
0x00007ff807ad0000 - 0x00007ff807b08000 	C:\Xilinx\Vivado\2018.2\lib\win64.o\librdi_noc_frameworks.dll
0x00007fffcfdc0000 - 0x00007fffd08b3000 	C:\Xilinx\Vivado\2018.2\lib\win64.o\libverific.dll
0x00007fffd7e40000 - 0x00007fffd7ec8000 	C:\Xilinx\Vivado\2018.2\lib\win64.o\librdi_hip_config.dll
0x00007fffcf870000 - 0x00007fffcfdbe000 	C:\Xilinx\Vivado\2018.2\lib\win64.o\librdi_xdm.dll
0x00007fffd4210000 - 0x00007fffd42ae000 	C:\Xilinx\Vivado\2018.2\lib\win64.o\libise.dll
0x00007fffcf2c0000 - 0x00007fffcf861000 	C:\Xilinx\Vivado\2018.2\lib\win64.o\librdi_wavedata.dll
0x00007fffd7df0000 - 0x00007fffd7e39000 	C:\Xilinx\Vivado\2018.2\lib\win64.o\librdi_wavedata_SimpleApi.dll

VM Arguments:
jvm_args: -Dsun.java2d.pmoffscreen=false -Dsun.java2d.xrender=false -Dsun.java2d.d3d=false -Dsun.awt.nopixfmt=true -Xverify:none -Dswing.aatext=true -XX:-UsePerfData -Djdk.map.althashing.threshold=512 -XX:StringTableSize=4072 -XX:NewSize=60m -XX:MaxNewSize=60m -Xms128m -Xmx3072m -Xss5m 
java_command: <unknown>
java_class_path (initial): C:/Xilinx/Vivado/2018.2\lib\classes\alloy.jar;C:/Xilinx/Vivado/2018.2\lib\classes\autopilot.scelaborator.jar;C:/Xilinx/Vivado/2018.2\lib\classes\autopilot.sourceprocessor.jar;C:/Xilinx/Vivado/2018.2\lib\classes\autopilot.tbprocessor.jar;C:/Xilinx/Vivado/2018.2\lib\classes\batik-anim.jar;C:/Xilinx/Vivado/2018.2\lib\classes\batik-awt-util.jar;C:/Xilinx/Vivado/2018.2\lib\classes\batik-bridge.jar;C:/Xilinx/Vivado/2018.2\lib\classes\batik-codec.jar;C:/Xilinx/Vivado/2018.2\lib\classes\batik-css.jar;C:/Xilinx/Vivado/2018.2\lib\classes\batik-dom.jar;C:/Xilinx/Vivado/2018.2\lib\classes\batik-ext.jar;C:/Xilinx/Vivado/2018.2\lib\classes\batik-gui-util.jar;C:/Xilinx/Vivado/2018.2\lib\classes\batik-gvt.jar;C:/Xilinx/Vivado/2018.2\lib\classes\batik-parser.jar;C:/Xilinx/Vivado/2018.2\lib\classes\batik-script.jar;C:/Xilinx/Vivado/2018.2\lib\classes\batik-svg-dom.jar;C:/Xilinx/Vivado/2018.2\lib\classes\batik-swing.jar;C:/Xilinx/Vivado/2018.2\lib\classes\batik-transcoder.jar;C:/Xilinx/Vivado/2018.2\lib\classes\batik-util.jar;C:/Xilinx/Vivado/2018.2\lib\classes\batik-xml.jar;C:/Xilinx/Vivado/2018.2\lib\classes\com.ibm.icu_4.4.2.v20110208.jar;C:/Xilinx/Vivado/2018.2\lib\classes\commons-collections4-4.1.jar;C:/Xilinx/Vivado/2018.2\lib\classes\commons-math-2.2.jar;C:/Xilinx/Vivado/2018.2\lib\classes\dom4j-1.6.1.jar;C:/Xilinx/Vivado/2018.2\lib\classes\guava-18.0.jar;C:/Xilinx/Vivado/2018.2\lib\classes\help.jar;C:/Xilinx/Vivado/2018.2\lib\classes\hsqldb.jar;C:/Xilinx/Vivado/2018.2\lib\classes\jargs.jar;C:/Xilinx/Vivado/2018.2\lib\classes\jh.jar;C:/Xilinx/Vivado/2018.2\lib\classes\jide-action.jar;C:/Xilinx/Vivado/2018.2\lib\classes\jide-charts.jar;C:/Xilinx/Vivado/2018.2\lib\classes\jide-common.jar;C:/Xilinx/Vivado/2018.2\lib\classes\jide-components.jar;C:/Xilinx/Vivado/2018.2\lib\classes\jide-dashboard.jar;C:/Xilinx/Vivado/2018.2\lib\classes\jide-data.jar;C:/Xilinx/Vivado/2018.2\lib\classes\jide-dialogs.jar;C:/Xilinx/Vivado/2018.2\lib\classes\jide-diff.jar;C:/X
Launcher Type: generic

Environment Variables:
PATH=C:/Xilinx/Vivado/2018.2/bin;C:/Xilinx/Vivado/2018.2/lib/win64.o;C:/Xilinx/Vivado/2018.2/tps/win64/jre/bin/server;C:/Xilinx/Vivado/2018.2/tps/win64/jre/bin;C:/Xilinx/SDK/2018.2/bin;C:/Xilinx/Vivado/2018.2/ids_lite/ISE/bin/nt64;C:/Xilinx/Vivado/2018.2/ids_lite/ISE/lib/nt64;C:\Windows\system32;C:\Windows;C:\Windows\System32\Wbem;C:\Windows\System32\WindowsPowerShell\v1.0\;C:\Windows\System32\OpenSSH\;C:\Program Files\MATLAB\R2018a\runtime\win64;C:\Program Files\MATLAB\R2018a\bin;C:\Users\ducnv\AppData\Local\Microsoft\WindowsApps;;C:/Xilinx/Vivado/2018.2\tps\mingw\6.2.0\win64.o\nt\bin;C:/Xilinx/Vivado/2018.2\tps\mingw\6.2.0\win64.o\nt\libexec\gcc\x86_64-w64-mingw32\6.2.0
USERNAME=ducnv
OS=Windows_NT
PROCESSOR_IDENTIFIER=Intel64 Family 6 Model 158 Stepping 9, GenuineIntel



---------------  S Y S T E M  ---------------

OS: Windows 10.0 , 64 bit Build 18362 (10.0.18362.329)

CPU:total 4 (4 cores per cpu, 1 threads per core) family 6 model 158 stepping 9, cmov, cx8, fxsr, mmx, sse, sse2, sse3, ssse3, sse4.1, sse4.2, popcnt, avx, avx2, aes, clmul, erms, 3dnowpref, lzcnt, tsc, tscinvbit, bmi1, bmi2, adx

Memory: 4k page, physical 8294564k(530376k free), swap 33460388k(4088k free)

vm_info: Java HotSpot(TM) 64-Bit Server VM (25.112-b15) for windows-amd64 JRE (1.8.0_112-b15), built on Sep 22 2016 21:31:56 by "java_re" with MS VC++ 10.0 (VS2010)

time: Wed Nov 06 13:55:05 2019
elapsed time: 3 seconds (0d 0h 0m 3s)

