#-----------------------------------------------------------
# Vivado v2018.2 (64-bit)
# SW Build 2258646 on Thu Jun 14 20:03:12 MDT 2018
# IP Build 2256618 on Thu Jun 14 22:10:49 MDT 2018
# Start of session at: Wed Dec 25 14:35:16 2019
# Process ID: 3720
# Current directory: C:/Users/ducnv/Desktop/fpu/add/add
# Command line: vivado.exe -gui_launcher_event rodinguilauncherevent11392 C:\Users\ducnv\Desktop\fpu\add\add\add_fp.xpr
# Log file: C:/Users/ducnv/Desktop/fpu/add/add/vivado.log
# Journal file: C:/Users/ducnv/Desktop/fpu/add/add\vivado.jou
#-----------------------------------------------------------
start_gui
open_project C:/Users/ducnv/Desktop/fpu/add/add/add_fp.xpr
Scanning sources...
Finished scanning sources
INFO: [IP_Flow 19-234] Refreshing IP repositories
INFO: [IP_Flow 19-1700] Loaded user IP repository 'c:/Users/ducnv/Desktop/fpu/add/ip_repo/myaddfp_1.0'.
INFO: [IP_Flow 19-2313] Loaded Vivado IP repository 'C:/Xilinx/Vivado/2018.2/data/ip'.
WARNING: [BD 41-1661] One or more IPs have been locked in the design 'design_1.bd'. Please run report_ip_status for more details and recommendations on how to fix this issue.
List of locked IPs:
design_1_myaddfp_0_0

open_project: Time (s): cpu = 00:00:20 ; elapsed = 00:00:16 . Memory (MB): peak = 1351.484 ; gain = 634.637
update_compile_order -fileset sources_1
