#-----------------------------------------------------------
# Vivado v2018.2 (64-bit)
# SW Build 2258646 on Thu Jun 14 20:03:12 MDT 2018
# IP Build 2256618 on Thu Jun 14 22:10:49 MDT 2018
# Start of session at: Tue Dec  3 14:32:20 2019
# Process ID: 7240
# Current directory: C:/Users/ducnv/Desktop/fpu/add/add
# Command line: vivado.exe -gui_launcher_event rodinguilauncherevent7248 C:\Users\ducnv\Desktop\fpu\add\add\add_fp.xpr
# Log file: C:/Users/ducnv/Desktop/fpu/add/add/vivado.log
# Journal file: C:/Users/ducnv/Desktop/fpu/add/add\vivado.jou
#-----------------------------------------------------------
start_gui
open_project C:/Users/ducnv/Desktop/fpu/add/add/add_fp.xpr
INFO: [Project 1-313] Project file moved from 'C:/Users/ducnv/Desktop/add/add' since last save.
Scanning sources...
Finished scanning sources
INFO: [IP_Flow 19-234] Refreshing IP repositories
INFO: [IP_Flow 19-1700] Loaded user IP repository 'c:/Users/ducnv/Desktop/fpu/add/ip_repo/myaddfp_1.0'.
INFO: [IP_Flow 19-2313] Loaded Vivado IP repository 'C:/Xilinx/Vivado/2018.2/data/ip'.
WARNING: [BD 41-1661] One or more IPs have been locked in the design 'design_1.bd'. Please run report_ip_status for more details and recommendations on how to fix this issue.
List of locked IPs:
design_1_myaddfp_0_0

open_project: Time (s): cpu = 00:00:22 ; elapsed = 00:00:20 . Memory (MB): peak = 1339.121 ; gain = 622.371
open_run impl_1
INFO: [Netlist 29-17] Analyzing 230 Unisim elements for replacement
INFO: [Netlist 29-28] Unisim Transformation completed in 0 CPU seconds
INFO: [Project 1-479] Netlist was created with Vivado 2018.2
INFO: [Device 21-403] Loading part xcvu9p-flga2104-2L-e
INFO: [Project 1-570] Preparing netlist for logic optimization
INFO: [Timing 38-478] Restoring timing data from binary archive.
INFO: [Timing 38-479] Binary timing data restore complete.
INFO: [Project 1-856] Restoring constraints from binary archive.
INFO: [Project 1-853] Binary constraint restore complete.
Reading XDEF placement.
Reading placer database...
Reading XDEF routing.
Read XDEF File: Time (s): cpu = 00:00:01 ; elapsed = 00:00:00.474 . Memory (MB): peak = 2201.141 ; gain = 0.000
Restored from archive | CPU: 1.000000 secs | Memory: 0.000000 MB |
Finished XDEF File Restore: Time (s): cpu = 00:00:01 ; elapsed = 00:00:00.483 . Memory (MB): peak = 2201.141 ; gain = 0.000
Generating merged BMM file for the design top 'design_1_wrapper'...
INFO: [Memdata 28-144] Successfully populated the BRAM INIT strings from the following elf files: c:/Users/ducnv/Desktop/fpu/add/add/add_fp.srcs/sources_1/bd/design_1/ip/design_1_microblaze_0_0/data/mb_bootloop_le.elf 
INFO: [Project 1-111] Unisim Transformation Summary:
  A total of 99 instances were transformed.
  IBUF => IBUF (IBUFCTRL, INBUF): 2 instances
  IBUFDS => IBUFDS (DIFFINBUF, IBUFCTRL): 1 instances
  LUT6_2 => LUT6_2 (LUT5, LUT6): 79 instances
  RAM32M => RAM32M (RAMD32, RAMD32, RAMD32, RAMD32, RAMD32, RAMD32, RAMS32, RAMS32): 16 instances
  SRLC16E => SRL16E: 1 instances

open_run: Time (s): cpu = 00:00:42 ; elapsed = 00:00:33 . Memory (MB): peak = 3175.328 ; gain = 1836.207
update_compile_order -fileset sources_1
exit
INFO: [Common 17-206] Exiting Vivado at Tue Dec  3 18:43:20 2019...
