17:48:05 INFO  : Registering command handlers for SDK TCF services
17:48:06 INFO  : Launching XSCT server: xsct.bat -interactive C:\Users\ducnv\Desktop\add\add\add_fp.sdk\temp_xsdb_launch_script.tcl
17:48:09 INFO  : XSCT server has started successfully.
17:48:10 INFO  : Processing command line option -hwspec C:/Users/ducnv/Desktop/add/add/add_fp.sdk/design_1_wrapper.hdf.
17:48:10 INFO  : Successfully done setting XSCT server connection channel  
17:48:10 INFO  : Successfully done setting SDK workspace  
08:43:58 INFO  : Registering command handlers for SDK TCF services
08:43:58 INFO  : Launching XSCT server: xsct.bat -interactive C:\Users\ducnv\Desktop\add\add\add_fp.sdk\temp_xsdb_launch_script.tcl
08:44:02 INFO  : XSCT server has started successfully.
08:44:05 INFO  : Processing command line option -hwspec C:/Users/ducnv/Desktop/add/add/add_fp.sdk/design_1_wrapper.hdf.
08:44:05 INFO  : Successfully done setting XSCT server connection channel  
08:44:05 INFO  : Successfully done setting SDK workspace  
08:44:05 INFO  : Checking for hwspec changes in the project design_1_wrapper_hw_platform_0.
09:14:02 INFO  : Registering command handlers for SDK TCF services
09:14:03 INFO  : Launching XSCT server: xsct.bat -interactive C:\Users\ducnv\Desktop\add\add\add_fp.sdk\temp_xsdb_launch_script.tcl
09:14:05 INFO  : XSCT server has started successfully.
09:14:05 INFO  : Processing command line option -hwspec C:/Users/ducnv/Desktop/add/add/add_fp.sdk/design_1_wrapper.hdf.
09:14:05 INFO  : Successfully done setting XSCT server connection channel  
09:14:05 INFO  : Checking for hwspec changes in the project design_1_wrapper_hw_platform_0.
09:14:05 INFO  : Successfully done setting SDK workspace  
11:40:56 INFO  : Registering command handlers for SDK TCF services
11:40:57 INFO  : Launching XSCT server: xsct.bat -interactive C:\Users\ducnv\Desktop\add\add\add_fp.sdk\temp_xsdb_launch_script.tcl
11:41:00 INFO  : XSCT server has started successfully.
11:41:00 INFO  : Successfully done setting XSCT server connection channel  
11:41:01 INFO  : Successfully done setting SDK workspace  
11:41:01 INFO  : Processing command line option -hwspec C:/Users/ducnv/Desktop/add/add/add_fp.sdk/design_1_wrapper.hdf.
11:41:02 INFO  : Checking for hwspec changes in the project design_1_wrapper_hw_platform_0.
14:38:55 INFO  : Registering command handlers for SDK TCF services
14:38:55 INFO  : Launching XSCT server: xsct.bat -interactive C:\Users\ducnv\Desktop\add\add\add_fp.sdk\temp_xsdb_launch_script.tcl
14:38:59 INFO  : XSCT server has started successfully.
14:39:01 INFO  : Successfully done setting XSCT server connection channel  
14:39:01 INFO  : Processing command line option -hwspec C:/Users/ducnv/Desktop/add/add/add_fp.sdk/design_1_wrapper.hdf.
14:39:01 INFO  : Checking for hwspec changes in the project design_1_wrapper_hw_platform_0.
14:39:01 INFO  : Successfully done setting SDK workspace  
08:57:04 INFO  : Registering command handlers for SDK TCF services
08:57:05 INFO  : Launching XSCT server: xsct.bat -interactive C:\Users\ducnv\Desktop\add\add\add_fp.sdk\temp_xsdb_launch_script.tcl
08:57:08 INFO  : XSCT server has started successfully.
08:57:10 INFO  : Processing command line option -hwspec C:/Users/ducnv/Desktop/add/add/add_fp.sdk/design_1_wrapper.hdf.
08:57:10 INFO  : Successfully done setting XSCT server connection channel  
08:57:10 INFO  : Successfully done setting SDK workspace  
08:57:10 INFO  : Checking for hwspec changes in the project design_1_wrapper_hw_platform_0.
08:57:13 INFO  : SDK has detected change in the last modified timestamps for source hardware specification file Source:1574992595972,  Project:1572950245856
08:57:13 INFO  : The hardware specification for project 'design_1_wrapper_hw_platform_0' is different from C:/Users/ducnv/Desktop/add/add/add_fp.sdk/design_1_wrapper.hdf.
08:57:13 INFO  : Copied contents of C:/Users/ducnv/Desktop/add/add/add_fp.sdk/design_1_wrapper.hdf into \design_1_wrapper_hw_platform_0\system.hdf.
08:57:14 INFO  : Synchronizing projects in the workspace with the hardware platform specification changes.
08:57:19 INFO  : 
08:57:20 INFO  : Updating hardware inferred compiler options for test_add.
08:57:20 INFO  : Clearing existing target manager status.
09:34:58 INFO  : Registering command handlers for SDK TCF services
09:34:58 INFO  : Launching XSCT server: xsct.bat -interactive C:\Users\ducnv\Desktop\add\add\add_fp.sdk\temp_xsdb_launch_script.tcl
09:35:01 INFO  : XSCT server has started successfully.
09:35:02 INFO  : Processing command line option -hwspec C:/Users/ducnv/Desktop/add/add/add_fp.sdk/design_1_wrapper.hdf.
09:35:02 INFO  : Successfully done setting XSCT server connection channel  
09:35:02 INFO  : Successfully done setting SDK workspace  
09:35:02 INFO  : Checking for hwspec changes in the project design_1_wrapper_hw_platform_0.
09:35:03 INFO  : SDK has detected change in the last modified timestamps for source hardware specification file Source:1574386421369,  Project:1574992595972
09:35:03 INFO  : The hardware specification for project 'design_1_wrapper_hw_platform_0' is different from C:/Users/ducnv/Desktop/add/add/add_fp.sdk/design_1_wrapper.hdf.
09:35:03 INFO  : Copied contents of C:/Users/ducnv/Desktop/add/add/add_fp.sdk/design_1_wrapper.hdf into \design_1_wrapper_hw_platform_0\system.hdf.
09:35:10 INFO  : Synchronizing projects in the workspace with the hardware platform specification changes.
09:35:13 INFO  : 
09:35:15 INFO  : 
09:35:19 INFO  : 
09:35:20 INFO  : Updating hardware inferred compiler options for abc.
09:35:21 INFO  : Updating hardware inferred compiler options for abcd.
09:35:22 INFO  : Updating hardware inferred compiler options for test_add.
09:35:22 INFO  : Clearing existing target manager status.
